<?xml version="1.0" encoding="UTF-8"?>
<!-- Generated by org.testng.reporters.JUnitXMLReporter -->
<testsuite ignored="3" hostname="gkillare-win87" failures="0" tests="1" name="Default test" time="43.201" errors="0" timestamp="2024-09-28T14:10:40 IST">
  <testcase classname="mtestcases.TC_OTC" name="InComm_RefundOfSale" time="40.181"/>
  <testcase classname="mtestcases.TC_OTC" name="SolotronVoidOfSale" time="0.0">
    <ignored/>
  </testcase> <!-- SolotronVoidOfSale -->
  <testcase classname="mtestcases.TC_OTC" name="SolotronRefundOfSale" time="0.0">
    <ignored/>
  </testcase> <!-- SolotronRefundOfSale -->
  <testcase classname="mtestcases.TC_OTC" name="InComm_VoidOfSale" time="0.0">
    <ignored/>
  </testcase> <!-- InComm_VoidOfSale -->
</testsuite> <!-- Default test -->
