<?xml version="1.0" encoding="UTF-8"?>
<!-- Generated by org.testng.reporters.JUnitXMLReporter -->
<testsuite ignored="4" hostname="gkillare-win87" failures="0" tests="1" name="Default test" time="17.331" errors="0" timestamp="2025-01-23T19:16:11 IST">
  <testcase classname="mtestcases.TC_OTC" name="WorldPayEPPSale" time="13.71"/>
  <testcase classname="mtestcases.TC_OTC" name="SolotronVoidOfSale" time="0.0">
    <ignored/>
  </testcase> <!-- SolotronVoidOfSale -->
  <testcase classname="mtestcases.TC_OTC" name="InComm_RefundOfSale" time="0.0">
    <ignored/>
  </testcase> <!-- InComm_RefundOfSale -->
  <testcase classname="mtestcases.TC_OTC" name="SolotronRefundOfSale" time="0.0">
    <ignored/>
  </testcase> <!-- SolotronRefundOfSale -->
  <testcase classname="mtestcases.TC_OTC" name="InComm_VoidOfSale" time="0.0">
    <ignored/>
  </testcase> <!-- InComm_VoidOfSale -->
</testsuite> <!-- Default test -->
