<?xml version="1.0" encoding="UTF-8"?>
<testng-results ignored="0" total="1" passed="1" failed="0" skipped="0">
  <reporter-output>
  </reporter-output>
  <suite started-at="2024-08-07T11:04:24 IST" name="Default suite" finished-at="2024-08-07T11:04:54 IST" duration-ms="29766">
    <groups>
    </groups>
    <test started-at="2024-08-07T11:04:24 IST" name="Default test" finished-at="2024-08-07T11:04:54 IST" duration-ms="29766">
      <class name="mtestcases.TC_Check">
        <test-method is-config="true" signature="incrementSessionId()[pri:0, instance:mtestcases.TC_Check@6404f418]" started-at="2024-08-07T11:04:24 IST" name="incrementSessionId" finished-at="2024-08-07T11:04:24 IST" duration-ms="4" status="PASS">
          <reporter-output>
          </reporter-output>
        </test-method> <!-- incrementSessionId -->
        <test-method signature="voidOfCheckTransaction()[pri:0, instance:mtestcases.TC_Check@6404f418]" started-at="2024-08-07T11:04:24 IST" name="voidOfCheckTransaction" finished-at="2024-08-07T11:04:49 IST" duration-ms="25300" status="PASS">
          <reporter-output>
          </reporter-output>
        </test-method> <!-- voidOfCheckTransaction -->
        <test-method is-config="true" signature="saveXLFile()[pri:0, instance:mtestcases.TC_Check@6404f418]" started-at="2024-08-07T11:04:49 IST" name="saveXLFile" finished-at="2024-08-07T11:04:54 IST" duration-ms="4432" status="PASS">
          <reporter-output>
          </reporter-output>
        </test-method> <!-- saveXLFile -->
      </class> <!-- mtestcases.TC_Check -->
    </test> <!-- Default test -->
  </suite> <!-- Default suite -->
</testng-results>
